This is e-pTeX, Version 3.141592653-p4.0.0-220214-2.6 (utf8.euc) (TeX Live 2022) (preloaded format=platex 2022.10.5)  20 JUN 2023 11:29
entering extended mode
 restricted \write18 enabled.
 %&-line parsing enabled.
**sortReport.tex
(./sortReport.tex
pLaTeX2e <2021-11-15> (based on LaTeX2e <2022-06-01> patch level 5)
L3 programming layer <2022-09-28>
(/usr/local/texlive/2022/texmf-dist/tex/platex/jsclasses/jsreport.cls
Document Class: jsreport 2022/09/13 jsclasses (okumura, texjporg)
\jsc@mpt=\dimen154
\jsc@mmm=\dimen155
\jsc@smallskipamount=\skip47
LaTeX Info: Redefining \textmc on input line 501.
LaTeX Info: Redefining \textgt on input line 503.
\symmincho=\mathgroup4
LaTeX Font Info:    Overwriting symbol font `mincho' in version `bold'
(Font)                  JY1/mc/m/n --> JY1/gt/m/n on input line 565.
LaTeX Font Info:    Font shape `JT1/mc/m/n' will be
(Font)              scaled to size 9.60999pt on input line 759.
LaTeX Font Info:    Font shape `JY1/mc/m/n' will be
(Font)              scaled to size 9.60999pt on input line 759.
\fullwidth=\dimen156
LaTeX Font Info:    Font shape `JT1/mc/m/n' will be
(Font)              scaled to size 7.68799pt on input line 898.
LaTeX Font Info:    Font shape `JY1/mc/m/n' will be
(Font)              scaled to size 7.68799pt on input line 898.
\c@part=\count184
\c@chapter=\count185
\c@section=\count186
\c@subsection=\count187
\c@subsubsection=\count188
\c@paragraph=\count189
\c@subparagraph=\count190
\@abstractbox=\box68
\c@figure=\count191
\c@table=\count192
\abovecaptionskip=\skip48
\belowcaptionskip=\skip49
\jsc@tocl@width=\dimen157
\@lnumwidth=\dimen158
\bibindent=\dimen159
(/usr/local/texlive/2022/texmf-dist/tex/platex/jsclasses/jslogo.sty
Package: jslogo 2019/07/25 okumura, texjporg
LaTeX Info: Redefining \TeX on input line 82.
LaTeX Info: Redefining \LaTeX on input line 135.
LaTeX Info: Redefining \LaTeXe on input line 188.
)
\heisei=\count193
)
(/usr/local/texlive/2022/texmf-dist/tex/latex/listings/listings.sty
(/usr/local/texlive/2022/texmf-dist/tex/latex/graphics/keyval.sty
Package: keyval 2022/05/29 v1.15 key=value parser (DPC)
\KV@toks@=\toks17
)
\lst@mode=\count194
\lst@gtempboxa=\box69
\lst@token=\toks18
\lst@length=\count195
\lst@currlwidth=\dimen160
\lst@column=\count196
\lst@pos=\count197
\lst@lostspace=\dimen161
\lst@width=\dimen162
\lst@newlines=\count198
\lst@lineno=\count199
\lst@maxwidth=\dimen163

(/usr/local/texlive/2022/texmf-dist/tex/latex/listings/lstmisc.sty
File: lstmisc.sty 2020/03/24 1.8d (Carsten Heinz)
\c@lstnumber=\count266
\lst@skipnumbers=\count267
\lst@framebox=\box70
)
(/usr/local/texlive/2022/texmf-dist/tex/latex/listings/listings.cfg
File: listings.cfg 2020/03/24 1.8d listings configuration
))
Package: listings 2020/03/24 1.8d (Carsten Heinz)

(./jlisting.sty
Package: jlisting 2006/02/20 0.2 (Thor)
\lst@nextchar=\count268
\lst@inputfile=\read2
)
(/usr/local/texlive/2022/texmf-dist/tex/latex/graphics/color.sty
Package: color 2022/01/06 v1.3d Standard LaTeX Color (DPC)

(/usr/local/texlive/2022/texmf-dist/tex/latex/graphics-cfg/color.cfg
File: color.cfg 2016/01/02 v1.6 sample color configuration
)
Package color Info: Driver file: dvipdfmx.def on input line 149.

(/usr/local/texlive/2022/texmf-dist/tex/latex/graphics-def/dvipdfmx.def
File: dvipdfmx.def 2022/09/22 v5.0m Graphics/color driver for dvipdfmx
\stockwidth=\dimen164
\stockheight=\dimen165
)
(/usr/local/texlive/2022/texmf-dist/tex/latex/graphics/dvipsnam.def
File: dvipsnam.def 2016/06/17 v3.0m Driver-dependent file (DPC,SPQR)
)
(/usr/local/texlive/2022/texmf-dist/tex/latex/graphics/mathcolor.ltx))
(/usr/local/texlive/2022/texmf-dist/tex/latex/float/float.sty
Package: float 2001/11/08 v1.3d Float enhancements (AL)
\c@float@type=\count269
\float@exts=\toks19
\float@box=\box71
\@float@everytoks=\toks20
\@floatcapt=\box72
)
(/usr/local/texlive/2022/texmf-dist/tex/latex/tools/tabularx.sty
Package: tabularx 2020/01/15 v2.11c `tabularx' package (DPC)

(/usr/local/texlive/2022/texmf-dist/tex/latex/tools/array.sty
Package: array 2022/03/10 v2.5f Tabular extension package (FMi)
\col@sep=\dimen166
\ar@mcellbox=\box73
\extrarowheight=\dimen167
\NC@list=\toks21
\extratabsurround=\skip50
\backup@length=\skip51
\ar@cellbox=\box74
)
\TX@col@width=\dimen168
\TX@old@table=\dimen169
\TX@old@col=\dimen170
\TX@target=\dimen171
\TX@delta=\dimen172
\TX@cols=\count270
\TX@ftn=\toks22
)
(/usr/local/texlive/2022/texmf-dist/tex/latex/subfigure/subfigure.sty
Package: subfigure 2002/03/15 v2.1.5 subfigure package
\subfigtopskip=\skip52
\subfigcapskip=\skip53
\subfigcaptopadj=\dimen173
\subfigbottomskip=\skip54
\subfigcapmargin=\dimen174
\subfiglabelskip=\skip55
\c@subfigure=\count271
\c@lofdepth=\count272
\c@subtable=\count273
\c@lotdepth=\count274

****************************************
* Local config file subfigure.cfg used *
****************************************
(/usr/local/texlive/2022/texmf-dist/tex/latex/subfigure/subfigure.cfg)
\subfig@top=\skip56
\subfig@bottom=\skip57
)
(/usr/local/texlive/2022/texmf-dist/tex/latex/tasks/tasks.sty
(/usr/local/texlive/2022/texmf-dist/tex/latex/l3kernel/expl3.sty
Package: expl3 2022-09-28 L3 programming layer (loader) 

(/usr/local/texlive/2022/texmf-dist/tex/latex/l3backend/l3backend-dvipdfmx.def
File: l3backend-dvipdfmx.def 2022-09-28 L3 backend support: dvipdfmx
\g__graphics_track_int=\count275
\l__pdf_internal_box=\box75
\g__pdf_backend_object_int=\count276
\g__pdf_backend_annotation_int=\count277
\g__pdf_backend_link_int=\count278
)) (/usr/local/texlive/2022/texmf-dist/tex/latex/l3packages/xparse/xparse.sty
Package: xparse 2022-06-22 L3 Experimental document command parser
)
(/usr/local/texlive/2022/texmf-dist/tex/latex/l3packages/xtemplate/xtemplate.st
y
Package: xtemplate 2022-06-22 L3 Experimental prototype document functions
\l__xtemplate_tmp_dim=\dimen175
\l__xtemplate_tmp_int=\count279
\l__xtemplate_tmp_muskip=\muskip16
\l__xtemplate_tmp_skip=\skip58
)
Package: tasks 2022/01/08 v1.4a lists with columns filled horizontally
\g__tasks_total_items_int=\count280
\l__tasks_columns_int=\count281
\g__tasks_rows_int=\count282
\g__tasks_current_col_num_int=\count283
\g__tasks_current_row_num_int=\count284
\l__tasks_item_columns_int=\count285
\g__tasks_env_int=\count286
\l__tasks_start_int=\count287
\l__tasks_item_indent_dim=\dimen176
\l__tasks_item_default_indent_dim=\dimen177
\l__tasks_item_width_dim=\dimen178
\l__tasks_label_width_dim=\dimen179
\l__tasks_label_default_width_dim=\dimen180
\l__tasks_label_offset_dim=\dimen181
\l__tasks_label_default_offset_dim=\dimen182
\l__tasks_column_sep_dim=\dimen183
\l__tasks_correction_dim=\dimen184
\l__tasks_full_width_dim=\dimen185
\l__tasks_after_item_skip=\skip59
\l__tasks_custom_after_item_skip=\skip60
\l__tasks_before_list_skip=\skip61
\l__tasks_after_list_skip=\skip62
\l__tasks_item_coffin=\box76
\l__tasks_label_coffin=\box77
\c@task=\count288
\l__tasks_tmpa_int=\count289
\l__tasks_tmpb_int=\count290
\l__tasks_tmpa_coffin=\box78
\l__tasks_tmpa_box=\box79

Package xtemplate Info: Declaring object type 'tasks' taking 3 argument(s) on
(xtemplate)             line 450.

 (/usr/local/texlive/2022/texmf-dist/tex/latex/tasks/tasks.cfg))
(/usr/local/texlive/2022/texmf-dist/tex/latex/graphics/graphicx.sty
Package: graphicx 2021/09/16 v1.2d Enhanced LaTeX Graphics (DPC,SPQR)

(/usr/local/texlive/2022/texmf-dist/tex/latex/graphics/graphics.sty
Package: graphics 2022/03/10 v1.4e Standard LaTeX Graphics (DPC,SPQR)

(/usr/local/texlive/2022/texmf-dist/tex/latex/graphics/trig.sty
Package: trig 2021/08/11 v1.11 sin cos tan (DPC)
)
(/usr/local/texlive/2022/texmf-dist/tex/latex/graphics-cfg/graphics.cfg
File: graphics.cfg 2016/06/04 v1.11 sample graphics configuration
)
Package graphics Info: Driver file: dvipdfmx.def on input line 107.
)
\Gin@req@height=\dimen186
\Gin@req@width=\dimen187
)
(/usr/local/texlive/2022/texmf-dist/tex/latex/amsmath/amsmath.sty
Package: amsmath 2022/04/08 v2.17n AMS math features
\@mathmargin=\skip63

For additional information on amsmath, use the `?' option.
(/usr/local/texlive/2022/texmf-dist/tex/latex/amsmath/amstext.sty
Package: amstext 2021/08/26 v2.01 AMS text

(/usr/local/texlive/2022/texmf-dist/tex/latex/amsmath/amsgen.sty
File: amsgen.sty 1999/11/30 v2.0 generic functions
\@emptytoks=\toks23
\ex@=\dimen188
))
(/usr/local/texlive/2022/texmf-dist/tex/latex/amsmath/amsbsy.sty
Package: amsbsy 1999/11/29 v1.2d Bold Symbols
\pmbraise@=\dimen189
)
(/usr/local/texlive/2022/texmf-dist/tex/latex/amsmath/amsopn.sty
Package: amsopn 2022/04/08 v2.04 operator names
)
\inf@bad=\count291
LaTeX Info: Redefining \frac on input line 234.
\uproot@=\count292
\leftroot@=\count293
LaTeX Info: Redefining \overline on input line 399.
LaTeX Info: Redefining \colon on input line 410.
\classnum@=\count294
\DOTSCASE@=\count295
LaTeX Info: Redefining \ldots on input line 496.
LaTeX Info: Redefining \dots on input line 499.
LaTeX Info: Redefining \cdots on input line 620.
\Mathstrutbox@=\box80
\strutbox@=\box81
LaTeX Info: Redefining \big on input line 722.
LaTeX Info: Redefining \Big on input line 723.
LaTeX Info: Redefining \bigg on input line 724.
LaTeX Info: Redefining \Bigg on input line 725.
\big@size=\dimen190
LaTeX Font Info:    Redeclaring font encoding OML on input line 743.
LaTeX Font Info:    Redeclaring font encoding OMS on input line 744.
\macc@depth=\count296
LaTeX Info: Redefining \bmod on input line 905.
LaTeX Info: Redefining \pmod on input line 910.
LaTeX Info: Redefining \smash on input line 940.
LaTeX Info: Redefining \relbar on input line 970.
LaTeX Info: Redefining \Relbar on input line 971.
\c@MaxMatrixCols=\count297
\dotsspace@=\muskip17
\c@parentequation=\count298
\dspbrk@lvl=\count299
\tag@help=\toks24
\row@=\count300
\column@=\count301
\maxfields@=\count302
\andhelp@=\toks25
\eqnshift@=\dimen191
\alignsep@=\dimen192
\tagshift@=\dimen193
\tagwidth@=\dimen194
\totwidth@=\dimen195
\lineht@=\dimen196
\@envbody=\toks26
\multlinegap=\skip64
\multlinetaggap=\skip65
\mathdisplay@stack=\toks27
LaTeX Info: Redefining \[ on input line 2953.
LaTeX Info: Redefining \] on input line 2954.
)
(/usr/local/texlive/2022/texmf-dist/tex/latex/url/url.sty
\Urlmuskip=\muskip18
Package: url 2013/09/16  ver 3.4  Verb mode for urls, etc.
) (./sortReport.aux

LaTeX Warning: Label `table:data_type' multiply defined.


LaTeX Warning: Label `table:data_type' multiply defined.


LaTeX Warning: Label `table:data_type' multiply defined.


LaTeX Warning: Label `table:data_type' multiply defined.


LaTeX Warning: Label `table:data_type' multiply defined.


LaTeX Warning: Label `table:data_type' multiply defined.


LaTeX Warning: Label `table:data_type' multiply defined.


LaTeX Warning: Label `table:data_type' multiply defined.


LaTeX Warning: Label `table:data_type' multiply defined.


LaTeX Warning: Label `table:data_type' multiply defined.


LaTeX Warning: Label `table:data_type' multiply defined.


LaTeX Warning: Label `fig:RS1' multiply defined.


LaTeX Warning: Label `fig:RS1' multiply defined.

)
\openout1 = `sortReport.aux'.

LaTeX Font Info:    Checking defaults for OML/cmm/m/it on input line 45.
LaTeX Font Info:    ... okay on input line 45.
LaTeX Font Info:    Checking defaults for OMS/cmsy/m/n on input line 45.
LaTeX Font Info:    ... okay on input line 45.
LaTeX Font Info:    Checking defaults for OT1/cmr/m/n on input line 45.
LaTeX Font Info:    ... okay on input line 45.
LaTeX Font Info:    Checking defaults for T1/cmr/m/n on input line 45.
LaTeX Font Info:    ... okay on input line 45.
LaTeX Font Info:    Checking defaults for TS1/cmr/m/n on input line 45.
LaTeX Font Info:    ... okay on input line 45.
LaTeX Font Info:    Checking defaults for OMX/cmex/m/n on input line 45.
LaTeX Font Info:    ... okay on input line 45.
LaTeX Font Info:    Checking defaults for U/cmr/m/n on input line 45.
LaTeX Font Info:    ... okay on input line 45.
LaTeX Font Info:    Checking defaults for JY1/mc/m/n on input line 45.
LaTeX Font Info:    ... okay on input line 45.
LaTeX Font Info:    Checking defaults for JT1/mc/m/n on input line 45.
LaTeX Font Info:    ... okay on input line 45.
\c@lstlisting=\count303
LaTeX Font Info:    Font shape `JT1/mc/m/n' will be
(Font)              scaled to size 16.60605pt on input line 46.
LaTeX Font Info:    Font shape `JY1/mc/m/n' will be
(Font)              scaled to size 16.60605pt on input line 46.
LaTeX Font Info:    Font shape `JT1/mc/m/n' will be
(Font)              scaled to size 11.53198pt on input line 46.
LaTeX Font Info:    Font shape `JY1/mc/m/n' will be
(Font)              scaled to size 11.53198pt on input line 46.
LaTeX Font Info:    Font shape `JY1/mc/m/n' will be
(Font)              scaled to size 5.76599pt on input line 46.
 [1

]
LaTeX Font Info:    Font shape `JT1/gt/m/n' will be
(Font)              scaled to size 9.60999pt on input line 47.
LaTeX Font Info:    Font shape `JY1/gt/m/n' will be
(Font)              scaled to size 9.60999pt on input line 47.
LaTeX Font Info:    Font shape `JT1/mc/m/n' will be
(Font)              scaled to size 23.90964pt on input line 47.
LaTeX Font Info:    Font shape `JY1/mc/m/n' will be
(Font)              scaled to size 23.90964pt on input line 47.
LaTeX Font Info:    Font shape `JT1/gt/m/n' will be
(Font)              scaled to size 23.90964pt on input line 47.
LaTeX Font Info:    Font shape `JY1/gt/m/n' will be
(Font)              scaled to size 23.90964pt on input line 47.
 (./sortReport.toc
LaTeX Font Info:    Font shape `JY1/mc/m/n' will be
(Font)              scaled to size 6.72699pt on input line 2.
LaTeX Font Info:    Font shape `JY1/mc/m/n' will be
(Font)              scaled to size 4.805pt on input line 2.
)
\tf@toc=\write3
\openout3 = `sortReport.toc'.

 [1

]
第1章
LaTeX Font Info:    Font shape `JT1/mc/m/n' will be
(Font)              scaled to size 19.9311pt on input line 49.
LaTeX Font Info:    Font shape `JY1/mc/m/n' will be
(Font)              scaled to size 19.9311pt on input line 49.
LaTeX Font Info:    Font shape `JT1/gt/m/n' will be
(Font)              scaled to size 19.9311pt on input line 49.
LaTeX Font Info:    Font shape `JY1/gt/m/n' will be
(Font)              scaled to size 19.9311pt on input line 49.
LaTeX Font Info:    Font shape `JT1/mc/m/n' will be
(Font)              scaled to size 13.83836pt on input line 50.
LaTeX Font Info:    Font shape `JY1/mc/m/n' will be
(Font)              scaled to size 13.83836pt on input line 50.
LaTeX Font Info:    Font shape `JT1/gt/m/n' will be
(Font)              scaled to size 13.83836pt on input line 50.
LaTeX Font Info:    Font shape `JY1/gt/m/n' will be
(Font)              scaled to size 13.83836pt on input line 50.
[2

]
第2章
LaTeX Font Info:    Font shape `JT1/gt/m/n' will be
(Font)              scaled to size 11.53198pt on input line 61.
LaTeX Font Info:    Font shape `JY1/gt/m/n' will be
(Font)              scaled to size 11.53198pt on input line 61.

Package tasks Warning: You've tried setting option `counter-format' on line
(tasks)                66. However, option `counter-format' is deprecated.
(tasks)                Please use option `label' instead. Refer to the manual
(tasks)                for details.


Overfull \hbox (0.52531pt too wide) in paragraph at lines 119--119
|\OT1/cmr/m/n/10 10000[]0[]almost| 
 []


Overfull \hbox (0.52531pt too wide) in paragraph at lines 119--119
|\OT1/cmr/m/n/10 10000[]1[]almost| 
 []


Overfull \hbox (0.52531pt too wide) in paragraph at lines 119--119
|\OT1/cmr/m/n/10 10000[]2[]almost| 
 []


Overfull \hbox (0.52531pt too wide) in paragraph at lines 119--119
|\OT1/cmr/m/n/10 10000[]3[]almost| 
 []


Overfull \hbox (0.52531pt too wide) in paragraph at lines 119--119
|\OT1/cmr/m/n/10 10000[]4[]almost| 
 []


Overfull \hbox (0.52531pt too wide) in paragraph at lines 119--119
|\OT1/cmr/m/n/10 50000[]0[]almost| 
 []


Overfull \hbox (0.52531pt too wide) in paragraph at lines 119--119
|\OT1/cmr/m/n/10 50000[]1[]almost| 
 []


Overfull \hbox (0.52531pt too wide) in paragraph at lines 119--119
|\OT1/cmr/m/n/10 50000[]2[]almost| 
 []


Overfull \hbox (0.52531pt too wide) in paragraph at lines 119--119
|\OT1/cmr/m/n/10 50000[]3[]almost| 
 []


Overfull \hbox (0.52531pt too wide) in paragraph at lines 119--119
|\OT1/cmr/m/n/10 50000[]4[]almost| 
 []


Overfull \hbox (5.52533pt too wide) in paragraph at lines 119--119
|\OT1/cmr/m/n/10 100000[]0[]almost| 
 []


Overfull \hbox (5.52533pt too wide) in paragraph at lines 119--119
|\OT1/cmr/m/n/10 100000[]1[]almost| 
 []


Overfull \hbox (5.52533pt too wide) in paragraph at lines 119--119
|\OT1/cmr/m/n/10 100000[]2[]almost| 
 []


Overfull \hbox (5.52533pt too wide) in paragraph at lines 119--119
|\OT1/cmr/m/n/10 100000[]3[]almost| 
 []


Overfull \hbox (5.52533pt too wide) in paragraph at lines 119--119
|\OT1/cmr/m/n/10 100000[]4[]almost| 
 []


Overfull \hbox (5.52533pt too wide) in paragraph at lines 119--119
|\OT1/cmr/m/n/10 500000[]0[]almost| 
 []


Overfull \hbox (5.52533pt too wide) in paragraph at lines 119--119
|\OT1/cmr/m/n/10 500000[]1[]almost| 
 []


Overfull \hbox (5.52533pt too wide) in paragraph at lines 119--119
|\OT1/cmr/m/n/10 500000[]2[]almost| 
 []


Overfull \hbox (5.52533pt too wide) in paragraph at lines 119--119
|\OT1/cmr/m/n/10 500000[]3[]almost| 
 []


Overfull \hbox (5.52533pt too wide) in paragraph at lines 119--119
|\OT1/cmr/m/n/10 500000[]4[]almost| 
 []


Overfull \hbox (10.52534pt too wide) in paragraph at lines 119--119
|\OT1/cmr/m/n/10 1000000[]0[]almost| 
 []


Overfull \hbox (10.52534pt too wide) in paragraph at lines 119--119
|\OT1/cmr/m/n/10 1000000[]1[]almost| 
 []


Overfull \hbox (10.52534pt too wide) in paragraph at lines 119--119
|\OT1/cmr/m/n/10 1000000[]2[]almost| 
 []


Overfull \hbox (10.52534pt too wide) in paragraph at lines 119--119
|\OT1/cmr/m/n/10 1000000[]3[]almost| 
 []


Overfull \hbox (10.52534pt too wide) in paragraph at lines 119--119
|\OT1/cmr/m/n/10 1000000[]4[]almost| 
 []

[3

] (/usr/local/texlive/2022/texmf-dist/tex/latex/listings/lstlang1.sty
File: lstlang1.sty 2020/03/24 1.8d listings language file
)
LaTeX Font Info:    Font shape `JT1/mc/m/n' will be
(Font)              scaled to size 8.64899pt on input line 137.
LaTeX Font Info:    Font shape `JY1/mc/m/n' will be
(Font)              scaled to size 8.64899pt on input line 137.
LaTeX Font Info:    Font shape `JT1/gt/m/n' will be
(Font)              scaled to size 8.64899pt on input line 137.
LaTeX Font Info:    Font shape `JY1/gt/m/n' will be
(Font)              scaled to size 8.64899pt on input line 137.
LaTeX Font Info:    Font shape `JT1/gt/bx/n' in size <9> not available
(Font)              Font shape `JT1/gt/m/n' tried instead on input line 138.
LaTeX Font Info:    Font shape `JT1/gt/m/n' will be
(Font)              scaled to size 8.64899pt on input line 138.
LaTeX Font Info:    Font shape `JY1/gt/bx/n' in size <9> not available
(Font)              Font shape `JY1/gt/m/n' tried instead on input line 138.
LaTeX Font Info:    Font shape `JY1/gt/m/n' will be
(Font)              scaled to size 8.64899pt on input line 138.
LaTeX Font Info:    Font shape `OT1/cmtt/bx/n' in size <9> not available
(Font)              Font shape `OT1/cmtt/m/n' tried instead on input line 138.
LaTeX Font Info:    Font shape `JT1/gt/m/it' in size <9> not available
(Font)              Font shape `JT1/gt/m/n' tried instead on input line 148.
LaTeX Font Info:    Font shape `JT1/gt/m/n' will be
(Font)              scaled to size 8.64899pt on input line 148.
LaTeX Font Info:    Font shape `JY1/gt/m/it' in size <9> not available
(Font)              Font shape `JY1/gt/m/n' tried instead on input line 148.
LaTeX Font Info:    Font shape `JY1/gt/m/n' will be
(Font)              scaled to size 8.64899pt on input line 148.

[4] [5] [6] [7] [8] [9] [10] [11] [12] [13] [14]
File: figure1.pdf Graphic file (type pdf)
<figure1.pdf>
 [15] [16]
File: figure1loglog.pdf Graphic file (type pdf)
<figure1loglog.pdf>
File: figure2.pdf Graphic file (type pdf)
<figure2.pdf>
 [17

] [18]
File: figure3.pdf Graphic file (type pdf)
<figure3.pdf>
File: figure4.pdf Graphic file (type pdf)
<figure4.pdf>
 [19]
[20]
第3章
File: figure5.pdf Graphic file (type pdf)
<figure5.pdf>
[21

] [22]
File: figure6.pdf Graphic file (type pdf)
<figure6.pdf>
 [23

] [24]
第4章
[25

]
Underfull \hbox (badness 10000) in paragraph at lines 808--809
\OT1/cmtt/m/n/10 management _ and _ process _ schedule / process _ management _
 and _ process _ schedule . html$
 []

[26

] (./sortReport.aux)

LaTeX Warning: There were multiply-defined labels.

 ) 
Here is how much of TeX's memory you used:
 5004 strings out of 475530
 81426 string characters out of 5790987
 679741 words of memory out of 5000000
 26571 multiletter control sequences out of 15000+600000
 484565 words of font info for 102 fonts, out of 8000000 for 9000
 934 hyphenation exceptions out of 8191
 58i,11n,63p,438b,1892s stack positions out of 10000i,1000n,20000p,200000b,200000s

Output written on sortReport.dvi (27 pages, 148760 bytes).
